{
  "RSpec": {
    "coverage": {
      "/home/ruba/rails_projects/file_navigator/app/controllers/application_controller.rb": [
        1,
        1,
        null
      ],
      "/home/ruba/rails_projects/file_navigator/app/helpers/application_helper.rb": [
        1,
        null
      ],
      "/home/ruba/rails_projects/file_navigator/app/helpers/comments_helper.rb": [
        1,
        null
      ],
      "/home/ruba/rails_projects/file_navigator/app/helpers/folders_helper.rb": [
        1,
        null,
        null
      ],
      "/home/ruba/rails_projects/file_navigator/app/helpers/items_helper.rb": [
        1,
        null
      ],
      "/home/ruba/rails_projects/file_navigator/app/controllers/comments_controller.rb": [
        1,
        null,
        1,
        null,
        1,
        1,
        null,
        null,
        1,
        0,
        0,
        null,
        null,
        1,
        2,
        2,
        2,
        1,
        1,
        1,
        null,
        1,
        1,
        null,
        null,
        null,
        null,
        1,
        0,
        0,
        0,
        0,
        null,
        null,
        null,
        null,
        1,
        null,
        1,
        3,
        3,
        null,
        null,
        null,
        null,
        null,
        null
      ],
      "/home/ruba/rails_projects/file_navigator/app/models/comment.rb": [
        1,
        1,
        null,
        1,
        null,
        1,
        null,
        1,
        null,
        1,
        null
      ],
      "/home/ruba/rails_projects/file_navigator/app/controllers/folders_controller.rb": [
        1,
        1,
        null,
        1,
        null,
        1,
        null,
        1,
        2,
        null,
        2,
        2,
        2,
        2,
        null,
        null,
        null,
        1,
        null,
        null,
        1,
        0,
        0,
        0,
        0,
        0,
        0,
        null,
        null,
        0,
        0,
        null,
        null,
        1,
        3,
        3,
        3,
        null,
        3,
        3,
        3,
        3,
        null,
        null,
        null,
        1,
        1,
        1,
        1,
        1,
        1,
        null,
        null,
        null,
        null,
        1,
        1,
        1,
        1,
        1,
        1,
        null,
        null,
        null,
        1,
        4,
        4,
        4,
        4,
        5,
        5,
        null,
        null,
        null,
        null,
        null,
        1,
        3,
        null,
        3,
        3,
        2,
        1,
        1,
        1,
        null,
        1,
        null,
        3,
        2,
        2,
        null,
        2,
        1,
        1,
        null,
        null,
        null,
        null,
        1,
        3,
        3,
        3,
        2,
        1,
        1,
        1,
        null,
        1,
        null,
        3,
        2,
        2,
        null,
        2,
        1,
        1,
        null,
        null,
        null,
        null,
        1,
        1,
        1,
        null,
        1,
        1,
        null,
        null,
        null,
        1,
        null,
        2,
        2,
        null,
        2,
        2,
        2,
        2,
        null,
        null,
        null,
        null
      ],
      "/home/ruba/rails_projects/file_navigator/app/models/folder.rb": [
        1,
        1,
        null,
        1,
        null,
        1,
        1,
        null,
        1,
        1,
        null,
        1,
        null
      ],
      "/home/ruba/rails_projects/file_navigator/app/controllers/items_controller.rb": [
        1,
        null,
        null,
        1,
        1,
        null,
        1,
        1,
        1,
        1,
        null,
        null,
        null,
        null,
        1,
        1,
        1,
        1,
        1,
        null,
        null,
        null,
        1,
        0,
        0,
        0,
        0,
        null,
        null,
        0,
        null,
        null,
        0,
        0,
        0,
        null,
        0,
        null,
        0,
        null,
        null,
        null,
        1,
        3,
        null,
        3,
        3,
        2,
        1,
        null,
        1,
        null,
        4,
        2,
        2,
        null,
        2,
        1,
        1,
        null,
        null,
        null,
        null,
        1,
        3,
        null,
        3,
        3,
        2,
        1,
        null,
        1,
        null,
        2,
        2,
        2,
        null,
        1,
        1,
        1,
        null,
        null,
        null,
        null,
        1,
        1,
        1,
        null,
        1,
        null,
        null,
        1,
        null,
        null,
        null,
        1,
        0,
        0,
        0,
        null,
        null,
        null,
        null,
        null
      ],
      "/home/ruba/rails_projects/file_navigator/app/models/item.rb": [
        1,
        1,
        null,
        1,
        null,
        1,
        1,
        null,
        1,
        1,
        null,
        1,
        null,
        null
      ],
      "/home/ruba/rails_projects/file_navigator/lib/my_app.rb": [
        1,
        null,
        1,
        1,
        1,
        1,
        1,
        null,
        null,
        1,
        1,
        0,
        null,
        null,
        null,
        1,
        0,
        null,
        null,
        null,
        null,
        null,
        null,
        null
      ]
    },
    "timestamp": 1382646467
  }
}
