{
  "RSpec": {
    "coverage": {
      "/home/deployer/test_proj/file_navigator/app/controllers/application_controller.rb": [
        1,
        1,
        null
      ],
      "/home/deployer/test_proj/file_navigator/app/helpers/application_helper.rb": [
        1,
        null
      ],
      "/home/deployer/test_proj/file_navigator/app/helpers/comments_helper.rb": [
        1,
        null
      ],
      "/home/deployer/test_proj/file_navigator/app/helpers/folders_helper.rb": [
        1,
        null,
        null
      ],
      "/home/deployer/test_proj/file_navigator/app/helpers/items_helper.rb": [
        1,
        null
      ],
      "/home/deployer/test_proj/file_navigator/app/controllers/comments_controller.rb": [
        1,
        null,
        0,
        0,
        0,
        null,
        null,
        0,
        0,
        0,
        null,
        0,
        0,
        0,
        0,
        0,
        0,
        null,
        0,
        0,
        null,
        null,
        null,
        null,
        null,
        null,
        null,
        0,
        null,
        0,
        0,
        0,
        0,
        null,
        null,
        null,
        null,
        null,
        null,
        null,
        null,
        null
      ],
      "/home/deployer/test_proj/file_navigator/app/models/comment.rb": [
        1,
        1,
        null,
        1,
        null,
        1,
        1,
        null,
        null
      ]
    },
    "timestamp": 1382451289
  }
}
